2024-07-12 13:33:27 â€” INFO â€” Running with edr=0.15.1
2024-07-12 13:33:27 â€” INFO â€” Installing packages for edr internal dbt package...
2024-07-12 13:33:27 â€” INFO â€” Running dbt --log-format json deps --project-dir /Users/lkohorst/Documents/DBT/.venv/lib/python3.10/site-packages/elementary/monitor/dbt_project
2024-07-12 13:33:35 â€” DEBUG â€” Result bytes size for command '['dbt', '--log-format', 'json', 'deps', '--project-dir', '/Users/lkohorst/Documents/DBT/.venv/lib/python3.10/site-packages/elementary/monitor/dbt_project']' is 3531
2024-07-12 13:33:35 â€” INFO â€” Running with dbt=1.8.3
2024-07-12 13:33:35 â€” INFO â€” Updating lock file in file path: /Users/lkohorst/Documents/DBT/.venv/lib/python3.10/site-packages/elementary/monitor/dbt_project/package-lock.yml
2024-07-12 13:33:35 â€” INFO â€” Installing dbt-labs/dbt_utils
2024-07-12 13:33:35 â€” INFO â€” Installed from version 0.8.6
2024-07-12 13:33:35 â€” INFO â€” Updated version available: 1.2.0
2024-07-12 13:33:35 â€” INFO â€” Installing elementary-data/elementary
2024-07-12 13:33:35 â€” INFO â€” Installed from version 0.15.1
2024-07-12 13:33:35 â€” INFO â€” Updated version available: 0.15.2
2024-07-12 13:33:35 â€” INFO â€” 
2024-07-12 13:33:35 â€” INFO â€” Updates available for packages: ['dbt-labs/dbt_utils', 'elementary-data/elementary']                 
Update your versions in packages.yml, then run dbt deps
2024-07-12 13:33:35 â€” DEBUG â€” Running dbt --log-format json run-operation elementary.log_macro_results --args {"macro_name": "elementary_cli.get_latest_invocation", "macro_args": {}} --project-dir /Users/lkohorst/Documents/DBT/.venv/lib/python3.10/site-packages/elementary/monitor/dbt_project
[31;20m2024-07-12 13:33:36 â€” ERROR â€” Unable to get the latest invocation: Failed to run dbt command.
Encountered an error:
Runtime Error
  Could not find profile named 'elementary'[0m
2024-07-12 13:33:36 â€” DEBUG â€” Running dbt --log-format json run-operation elementary.log_macro_results --args {"macro_name": "elementary_cli.get_adapter_type_and_unique_id", "macro_args": {}} --project-dir /Users/lkohorst/Documents/DBT/.venv/lib/python3.10/site-packages/elementary/monitor/dbt_project
2024-07-12 13:33:38 â€” DEBUG â€” Could not get warehouse info.
Traceback (most recent call last):
  File "/Users/lkohorst/Documents/DBT/.venv/lib/python3.10/site-packages/elementary/clients/dbt/dbt_runner.py", line 88, in _run_command
    result = subprocess.run(
  File "/opt/homebrew/Cellar/python@3.10/3.10.14/Frameworks/Python.framework/Versions/3.10/lib/python3.10/subprocess.py", line 526, in run
    raise CalledProcessError(retcode, process.args,
subprocess.CalledProcessError: Command '['dbt', '--log-format', 'json', 'run-operation', 'elementary.log_macro_results', '--args', '{"macro_name": "elementary_cli.get_adapter_type_and_unique_id", "macro_args": {}}', '--project-dir', '/Users/lkohorst/Documents/DBT/.venv/lib/python3.10/site-packages/elementary/monitor/dbt_project']' returned non-zero exit status 2.

During handling of the above exception, another exception occurred:

Traceback (most recent call last):
  File "/Users/lkohorst/Documents/DBT/.venv/lib/python3.10/site-packages/elementary/monitor/data_monitoring/data_monitoring.py", line 140, in _get_warehouse_info
    self.internal_dbt_runner.run_operation(
  File "/Users/lkohorst/Documents/DBT/.venv/lib/python3.10/site-packages/elementary/clients/dbt/dbt_runner.py", line 160, in run_operation
    success, command_output = self._run_command(
  File "/Users/lkohorst/Documents/DBT/.venv/lib/python3.10/site-packages/elementary/clients/dbt/dbt_runner.py", line 99, in _run_command
    raise DbtCommandError(err, command_args, logs=logs)
elementary.exceptions.exceptions.DbtCommandError: Failed to run dbt command.
Encountered an error:
Runtime Error
  Could not find profile named 'elementary'
2024-07-12 13:33:38 â€” DEBUG â€” Running dbt --log-format json run-operation elementary.log_macro_results --args {"macro_name": "elementary_cli.get_elementary_database_and_schema", "macro_args": {}} --project-dir /Users/lkohorst/Documents/DBT/.venv/lib/python3.10/site-packages/elementary/monitor/dbt_project
[31;20m2024-07-12 13:33:39 â€” ERROR â€” Failed to parse Elementary's database and schema.[0m
2024-07-12 13:33:39 â€” INFO â€” Running dbt --log-format json run-operation elementary.log_macro_results --args {"macro_name": "elementary_cli.get_test_results", "macro_args": {"days_back": 7, "invocations_per_test": 720, "disable_passed_test_metrics": false}} --project-dir /Users/lkohorst/Documents/DBT/.venv/lib/python3.10/site-packages/elementary/monitor/dbt_project
[31;20m2024-07-12 13:33:41 â€” ERROR â€” Could not generate the report - Error: Failed to run dbt command.
Encountered an error:
Runtime Error
  Could not find profile named 'elementary'
Please reach out to our community for help with this issue.[0m
Traceback (most recent call last):
  File "/Users/lkohorst/Documents/DBT/.venv/lib/python3.10/site-packages/elementary/clients/dbt/dbt_runner.py", line 88, in _run_command
    result = subprocess.run(
  File "/opt/homebrew/Cellar/python@3.10/3.10.14/Frameworks/Python.framework/Versions/3.10/lib/python3.10/subprocess.py", line 526, in run
    raise CalledProcessError(retcode, process.args,
subprocess.CalledProcessError: Command '['dbt', '--log-format', 'json', 'run-operation', 'elementary.log_macro_results', '--args', '{"macro_name": "elementary_cli.get_test_results", "macro_args": {"days_back": 7, "invocations_per_test": 720, "disable_passed_test_metrics": false}}', '--project-dir', '/Users/lkohorst/Documents/DBT/.venv/lib/python3.10/site-packages/elementary/monitor/dbt_project']' returned non-zero exit status 2.

During handling of the above exception, another exception occurred:

Traceback (most recent call last):
  File "/Users/lkohorst/Documents/DBT/.venv/lib/python3.10/site-packages/elementary/monitor/api/report/report.py", line 50, in get_report_data
    tests_api = TestsAPI(
  File "/Users/lkohorst/Documents/DBT/.venv/lib/python3.10/site-packages/elementary/monitor/api/tests/tests.py", line 43, in __init__
    self.test_results_db_rows = self._get_test_results_db_rows(
  File "/Users/lkohorst/Documents/DBT/.venv/lib/python3.10/site-packages/elementary/monitor/api/tests/tests.py", line 55, in _get_test_results_db_rows
    return self.tests_fetcher.get_all_test_results_db_rows(
  File "/Users/lkohorst/Documents/DBT/.venv/lib/python3.10/site-packages/elementary/monitor/fetchers/tests/tests.py", line 25, in get_all_test_results_db_rows
    run_operation_response = self.dbt_runner.run_operation(
  File "/Users/lkohorst/Documents/DBT/.venv/lib/python3.10/site-packages/elementary/clients/dbt/dbt_runner.py", line 160, in run_operation
    success, command_output = self._run_command(
  File "/Users/lkohorst/Documents/DBT/.venv/lib/python3.10/site-packages/elementary/clients/dbt/dbt_runner.py", line 99, in _run_command
    raise DbtCommandError(err, command_args, logs=logs)
elementary.exceptions.exceptions.DbtCommandError: Failed to run dbt command.
Encountered an error:
Runtime Error
  Could not find profile named 'elementary'
2024-07-12 13:40:33 â€” INFO â€” Running with edr=0.15.1
2024-07-12 13:40:33 â€” DEBUG â€” Running dbt --log-format json run-operation elementary.log_macro_results --args {"macro_name": "elementary_cli.get_latest_invocation", "macro_args": {}} --project-dir /Users/lkohorst/Documents/DBT/.venv/lib/python3.10/site-packages/elementary/monitor/dbt_project
2024-07-12 13:40:40 â€” DEBUG â€” Result bytes size for command '['dbt', '--log-format', 'json', 'run-operation', 'elementary.log_macro_results', '--args', '{"macro_name": "elementary_cli.get_latest_invocation", "macro_args": {}}', '--project-dir', '/Users/lkohorst/Documents/DBT/.venv/lib/python3.10/site-packages/elementary/monitor/dbt_project']' is 2643
2024-07-12 13:40:40 â€” DEBUG â€” Running dbt --log-format json run-operation elementary.log_macro_results --args {"macro_name": "elementary_cli.get_adapter_type_and_unique_id", "macro_args": {}} --project-dir /Users/lkohorst/Documents/DBT/.venv/lib/python3.10/site-packages/elementary/monitor/dbt_project
2024-07-12 13:40:42 â€” DEBUG â€” Result bytes size for command '['dbt', '--log-format', 'json', 'run-operation', 'elementary.log_macro_results', '--args', '{"macro_name": "elementary_cli.get_adapter_type_and_unique_id", "macro_args": {}}', '--project-dir', '/Users/lkohorst/Documents/DBT/.venv/lib/python3.10/site-packages/elementary/monitor/dbt_project']' is 1799
2024-07-12 13:40:42 â€” DEBUG â€” Running dbt --log-format json run-operation elementary.log_macro_results --args {"macro_name": "elementary_cli.get_elementary_database_and_schema", "macro_args": {}} --project-dir /Users/lkohorst/Documents/DBT/.venv/lib/python3.10/site-packages/elementary/monitor/dbt_project
2024-07-12 13:40:44 â€” DEBUG â€” Result bytes size for command '['dbt', '--log-format', 'json', 'run-operation', 'elementary.log_macro_results', '--args', '{"macro_name": "elementary_cli.get_elementary_database_and_schema", "macro_args": {}}', '--project-dir', '/Users/lkohorst/Documents/DBT/.venv/lib/python3.10/site-packages/elementary/monitor/dbt_project']' is 1747
2024-07-12 13:40:44 â€” INFO â€” Elementary's database and schema: '"Prep.DBT_LK"'
2024-07-12 13:40:44 â€” INFO â€” Running dbt --log-format json run-operation elementary.log_macro_results --args {"macro_name": "elementary_cli.get_test_results", "macro_args": {"days_back": 7, "invocations_per_test": 720, "disable_passed_test_metrics": false}} --project-dir /Users/lkohorst/Documents/DBT/.venv/lib/python3.10/site-packages/elementary/monitor/dbt_project
[31;20m2024-07-12 13:40:47 â€” ERROR â€” Could not generate the report - Error: Failed to run dbt command.
Encountered an error while running operation: Database Error
  002003 (42S02): SQL compilation error:
  Object 'PREP.DBT_LK.ELEMENTARY_TEST_RESULTS' does not exist or not authorized.
Please reach out to our community for help with this issue.[0m
Traceback (most recent call last):
  File "/Users/lkohorst/Documents/DBT/.venv/lib/python3.10/site-packages/elementary/clients/dbt/dbt_runner.py", line 88, in _run_command
    result = subprocess.run(
  File "/opt/homebrew/Cellar/python@3.10/3.10.14/Frameworks/Python.framework/Versions/3.10/lib/python3.10/subprocess.py", line 526, in run
    raise CalledProcessError(retcode, process.args,
subprocess.CalledProcessError: Command '['dbt', '--log-format', 'json', 'run-operation', 'elementary.log_macro_results', '--args', '{"macro_name": "elementary_cli.get_test_results", "macro_args": {"days_back": 7, "invocations_per_test": 720, "disable_passed_test_metrics": false}}', '--project-dir', '/Users/lkohorst/Documents/DBT/.venv/lib/python3.10/site-packages/elementary/monitor/dbt_project']' returned non-zero exit status 1.

During handling of the above exception, another exception occurred:

Traceback (most recent call last):
  File "/Users/lkohorst/Documents/DBT/.venv/lib/python3.10/site-packages/elementary/monitor/api/report/report.py", line 50, in get_report_data
    tests_api = TestsAPI(
  File "/Users/lkohorst/Documents/DBT/.venv/lib/python3.10/site-packages/elementary/monitor/api/tests/tests.py", line 43, in __init__
    self.test_results_db_rows = self._get_test_results_db_rows(
  File "/Users/lkohorst/Documents/DBT/.venv/lib/python3.10/site-packages/elementary/monitor/api/tests/tests.py", line 55, in _get_test_results_db_rows
    return self.tests_fetcher.get_all_test_results_db_rows(
  File "/Users/lkohorst/Documents/DBT/.venv/lib/python3.10/site-packages/elementary/monitor/fetchers/tests/tests.py", line 25, in get_all_test_results_db_rows
    run_operation_response = self.dbt_runner.run_operation(
  File "/Users/lkohorst/Documents/DBT/.venv/lib/python3.10/site-packages/elementary/clients/dbt/dbt_runner.py", line 160, in run_operation
    success, command_output = self._run_command(
  File "/Users/lkohorst/Documents/DBT/.venv/lib/python3.10/site-packages/elementary/clients/dbt/dbt_runner.py", line 99, in _run_command
    raise DbtCommandError(err, command_args, logs=logs)
elementary.exceptions.exceptions.DbtCommandError: Failed to run dbt command.
Encountered an error while running operation: Database Error
  002003 (42S02): SQL compilation error:
  Object 'PREP.DBT_LK.ELEMENTARY_TEST_RESULTS' does not exist or not authorized.
2024-07-12 13:52:53 â€” INFO â€” Running with edr=0.15.1
2024-07-12 13:52:53 â€” DEBUG â€” Running dbt --log-format json run-operation elementary.log_macro_results --args {"macro_name": "elementary_cli.get_latest_invocation", "macro_args": {}} --project-dir /Users/lkohorst/Documents/DBT/.venv/lib/python3.10/site-packages/elementary/monitor/dbt_project
2024-07-12 13:52:59 â€” DEBUG â€” Result bytes size for command '['dbt', '--log-format', 'json', 'run-operation', 'elementary.log_macro_results', '--args', '{"macro_name": "elementary_cli.get_latest_invocation", "macro_args": {}}', '--project-dir', '/Users/lkohorst/Documents/DBT/.venv/lib/python3.10/site-packages/elementary/monitor/dbt_project']' is 4817
2024-07-12 13:52:59 â€” DEBUG â€” Running dbt --log-format json run-operation elementary.log_macro_results --args {"macro_name": "elementary_cli.get_adapter_type_and_unique_id", "macro_args": {}} --project-dir /Users/lkohorst/Documents/DBT/.venv/lib/python3.10/site-packages/elementary/monitor/dbt_project
2024-07-12 13:53:02 â€” DEBUG â€” Result bytes size for command '['dbt', '--log-format', 'json', 'run-operation', 'elementary.log_macro_results', '--args', '{"macro_name": "elementary_cli.get_adapter_type_and_unique_id", "macro_args": {}}', '--project-dir', '/Users/lkohorst/Documents/DBT/.venv/lib/python3.10/site-packages/elementary/monitor/dbt_project']' is 1799
2024-07-12 13:53:02 â€” INFO â€” edr (0.15.1) and Elementary's dbt package (0.15.2) are compatible.
2024-07-12 13:53:02 â€” DEBUG â€” Running dbt --log-format json run-operation elementary.log_macro_results --args {"macro_name": "elementary_cli.get_elementary_database_and_schema", "macro_args": {}} --project-dir /Users/lkohorst/Documents/DBT/.venv/lib/python3.10/site-packages/elementary/monitor/dbt_project
2024-07-12 13:53:04 â€” DEBUG â€” Result bytes size for command '['dbt', '--log-format', 'json', 'run-operation', 'elementary.log_macro_results', '--args', '{"macro_name": "elementary_cli.get_elementary_database_and_schema", "macro_args": {}}', '--project-dir', '/Users/lkohorst/Documents/DBT/.venv/lib/python3.10/site-packages/elementary/monitor/dbt_project']' is 1769
2024-07-12 13:53:04 â€” INFO â€” Elementary's database and schema: '"PREP.DBT_LK_elementary"'
2024-07-12 13:53:04 â€” INFO â€” Running dbt --log-format json run-operation elementary.log_macro_results --args {"macro_name": "elementary_cli.get_test_results", "macro_args": {"days_back": 7, "invocations_per_test": 720, "disable_passed_test_metrics": false}} --project-dir /Users/lkohorst/Documents/DBT/.venv/lib/python3.10/site-packages/elementary/monitor/dbt_project
2024-07-12 13:53:10 â€” DEBUG â€” Result bytes size for command '['dbt', '--log-format', 'json', 'run-operation', 'elementary.log_macro_results', '--args', '{"macro_name": "elementary_cli.get_test_results", "macro_args": {"days_back": 7, "invocations_per_test": 720, "disable_passed_test_metrics": false}}', '--project-dir', '/Users/lkohorst/Documents/DBT/.venv/lib/python3.10/site-packages/elementary/monitor/dbt_project']' is 758541
2024-07-12 13:53:10 â€” INFO â€” Running dbt --log-format json run-operation elementary.log_macro_results --args {"macro_name": "elementary_cli.get_source_freshness_results", "macro_args": {"days_back": 7, "invocations_per_test": 720}} --project-dir /Users/lkohorst/Documents/DBT/.venv/lib/python3.10/site-packages/elementary/monitor/dbt_project
2024-07-12 13:53:13 â€” DEBUG â€” Result bytes size for command '['dbt', '--log-format', 'json', 'run-operation', 'elementary.log_macro_results', '--args', '{"macro_name": "elementary_cli.get_source_freshness_results", "macro_args": {"days_back": 7, "invocations_per_test": 720}}', '--project-dir', '/Users/lkohorst/Documents/DBT/.venv/lib/python3.10/site-packages/elementary/monitor/dbt_project']' is 1721
2024-07-12 13:53:13 â€” INFO â€” Running dbt --log-format json run-operation elementary.log_macro_results --args {"macro_name": "elementary_cli.get_models", "macro_args": {"exclude_elementary": true}} --project-dir /Users/lkohorst/Documents/DBT/.venv/lib/python3.10/site-packages/elementary/monitor/dbt_project
2024-07-12 13:53:16 â€” DEBUG â€” Result bytes size for command '['dbt', '--log-format', 'json', 'run-operation', 'elementary.log_macro_results', '--args', '{"macro_name": "elementary_cli.get_models", "macro_args": {"exclude_elementary": true}}', '--project-dir', '/Users/lkohorst/Documents/DBT/.venv/lib/python3.10/site-packages/elementary/monitor/dbt_project']' is 24999
2024-07-12 13:53:16 â€” INFO â€” Running dbt --log-format json run-operation elementary.log_macro_results --args {"macro_name": "elementary_cli.get_sources", "macro_args": {}} --project-dir /Users/lkohorst/Documents/DBT/.venv/lib/python3.10/site-packages/elementary/monitor/dbt_project
2024-07-12 13:53:19 â€” DEBUG â€” Result bytes size for command '['dbt', '--log-format', 'json', 'run-operation', 'elementary.log_macro_results', '--args', '{"macro_name": "elementary_cli.get_sources", "macro_args": {}}', '--project-dir', '/Users/lkohorst/Documents/DBT/.venv/lib/python3.10/site-packages/elementary/monitor/dbt_project']' is 14769
2024-07-12 13:53:19 â€” INFO â€” Running dbt --log-format json run-operation elementary.log_macro_results --args {"macro_name": "elementary_cli.get_exposures", "macro_args": {}} --project-dir /Users/lkohorst/Documents/DBT/.venv/lib/python3.10/site-packages/elementary/monitor/dbt_project
2024-07-12 13:53:22 â€” DEBUG â€” Result bytes size for command '['dbt', '--log-format', 'json', 'run-operation', 'elementary.log_macro_results', '--args', '{"macro_name": "elementary_cli.get_exposures", "macro_args": {}}', '--project-dir', '/Users/lkohorst/Documents/DBT/.venv/lib/python3.10/site-packages/elementary/monitor/dbt_project']' is 1721
2024-07-12 13:53:22 â€” INFO â€” Running dbt --log-format json run-operation elementary.log_macro_results --args {"macro_name": "elementary_cli.get_singular_tests", "macro_args": {}} --project-dir /Users/lkohorst/Documents/DBT/.venv/lib/python3.10/site-packages/elementary/monitor/dbt_project
2024-07-12 13:53:25 â€” DEBUG â€” Result bytes size for command '['dbt', '--log-format', 'json', 'run-operation', 'elementary.log_macro_results', '--args', '{"macro_name": "elementary_cli.get_singular_tests", "macro_args": {}}', '--project-dir', '/Users/lkohorst/Documents/DBT/.venv/lib/python3.10/site-packages/elementary/monitor/dbt_project']' is 1721
2024-07-12 13:53:25 â€” INFO â€” Running dbt --log-format json run-operation elementary.log_macro_results --args {"macro_name": "elementary_cli.get_models_runs", "macro_args": {"days_back": 7, "exclude_elementary": true}} --project-dir /Users/lkohorst/Documents/DBT/.venv/lib/python3.10/site-packages/elementary/monitor/dbt_project
2024-07-12 13:53:28 â€” DEBUG â€” Result bytes size for command '['dbt', '--log-format', 'json', 'run-operation', 'elementary.log_macro_results', '--args', '{"macro_name": "elementary_cli.get_models_runs", "macro_args": {"days_back": 7, "exclude_elementary": true}}', '--project-dir', '/Users/lkohorst/Documents/DBT/.venv/lib/python3.10/site-packages/elementary/monitor/dbt_project']' is 94617
2024-07-12 13:53:28 â€” INFO â€” Running dbt --log-format json run-operation elementary.log_macro_results --args {"macro_name": "elementary_cli.get_dbt_models_test_coverage", "macro_args": {}} --project-dir /Users/lkohorst/Documents/DBT/.venv/lib/python3.10/site-packages/elementary/monitor/dbt_project
2024-07-12 13:53:32 â€” DEBUG â€” Result bytes size for command '['dbt', '--log-format', 'json', 'run-operation', 'elementary.log_macro_results', '--args', '{"macro_name": "elementary_cli.get_dbt_models_test_coverage", "macro_args": {}}', '--project-dir', '/Users/lkohorst/Documents/DBT/.venv/lib/python3.10/site-packages/elementary/monitor/dbt_project']' is 7518
2024-07-12 13:53:32 â€” INFO â€” Running dbt --log-format json run-operation elementary.log_macro_results --args {"macro_name": "elementary_cli.get_nodes_depends_on_nodes", "macro_args": {"exclude_elementary": true}} --project-dir /Users/lkohorst/Documents/DBT/.venv/lib/python3.10/site-packages/elementary/monitor/dbt_project
2024-07-12 13:53:35 â€” DEBUG â€” Result bytes size for command '['dbt', '--log-format', 'json', 'run-operation', 'elementary.log_macro_results', '--args', '{"macro_name": "elementary_cli.get_nodes_depends_on_nodes", "macro_args": {"exclude_elementary": true}}', '--project-dir', '/Users/lkohorst/Documents/DBT/.venv/lib/python3.10/site-packages/elementary/monitor/dbt_project']' is 17717
2024-07-12 13:53:35 â€” INFO â€” Running dbt --log-format json run-operation elementary.log_macro_results --args {"macro_name": "elementary_cli.get_models_latest_invocation", "macro_args": {}} --project-dir /Users/lkohorst/Documents/DBT/.venv/lib/python3.10/site-packages/elementary/monitor/dbt_project
2024-07-12 13:53:38 â€” DEBUG â€” Result bytes size for command '['dbt', '--log-format', 'json', 'run-operation', 'elementary.log_macro_results', '--args', '{"macro_name": "elementary_cli.get_models_latest_invocation", "macro_args": {}}', '--project-dir', '/Users/lkohorst/Documents/DBT/.venv/lib/python3.10/site-packages/elementary/monitor/dbt_project']' is 14813
2024-07-12 13:53:38 â€” INFO â€” Running dbt --log-format json run-operation elementary.log_macro_results --args {"macro_name": "elementary_cli.get_models_latest_invocations_data", "macro_args": {}} --project-dir /Users/lkohorst/Documents/DBT/.venv/lib/python3.10/site-packages/elementary/monitor/dbt_project
2024-07-12 13:53:41 â€” DEBUG â€” Result bytes size for command '['dbt', '--log-format', 'json', 'run-operation', 'elementary.log_macro_results', '--args', '{"macro_name": "elementary_cli.get_models_latest_invocations_data", "macro_args": {}}', '--project-dir', '/Users/lkohorst/Documents/DBT/.venv/lib/python3.10/site-packages/elementary/monitor/dbt_project']' is 2143
2024-07-12 14:43:07 â€” INFO â€” Running with edr=0.15.1
2024-07-12 14:43:07 â€” DEBUG â€” Running dbt --log-format json run-operation elementary.log_macro_results --args {"macro_name": "elementary_cli.get_latest_invocation", "macro_args": {}} --project-dir /Users/lkohorst/Documents/DBT/.venv/lib/python3.10/site-packages/elementary/monitor/dbt_project
2024-07-12 14:43:13 â€” DEBUG â€” Result bytes size for command '['dbt', '--log-format', 'json', 'run-operation', 'elementary.log_macro_results', '--args', '{"macro_name": "elementary_cli.get_latest_invocation", "macro_args": {}}', '--project-dir', '/Users/lkohorst/Documents/DBT/.venv/lib/python3.10/site-packages/elementary/monitor/dbt_project']' is 4895
2024-07-12 14:43:13 â€” DEBUG â€” Running dbt --log-format json run-operation elementary.log_macro_results --args {"macro_name": "elementary_cli.get_adapter_type_and_unique_id", "macro_args": {}} --project-dir /Users/lkohorst/Documents/DBT/.venv/lib/python3.10/site-packages/elementary/monitor/dbt_project
2024-07-12 14:43:15 â€” DEBUG â€” Result bytes size for command '['dbt', '--log-format', 'json', 'run-operation', 'elementary.log_macro_results', '--args', '{"macro_name": "elementary_cli.get_adapter_type_and_unique_id", "macro_args": {}}', '--project-dir', '/Users/lkohorst/Documents/DBT/.venv/lib/python3.10/site-packages/elementary/monitor/dbt_project']' is 1799
2024-07-12 14:43:15 â€” INFO â€” edr (0.15.1) and Elementary's dbt package (0.15.2) are compatible.
2024-07-12 14:43:15 â€” DEBUG â€” Running dbt --log-format json run-operation elementary.log_macro_results --args {"macro_name": "elementary_cli.get_elementary_database_and_schema", "macro_args": {}} --project-dir /Users/lkohorst/Documents/DBT/.venv/lib/python3.10/site-packages/elementary/monitor/dbt_project
2024-07-12 14:43:18 â€” DEBUG â€” Result bytes size for command '['dbt', '--log-format', 'json', 'run-operation', 'elementary.log_macro_results', '--args', '{"macro_name": "elementary_cli.get_elementary_database_and_schema", "macro_args": {}}', '--project-dir', '/Users/lkohorst/Documents/DBT/.venv/lib/python3.10/site-packages/elementary/monitor/dbt_project']' is 1769
2024-07-12 14:43:18 â€” INFO â€” Elementary's database and schema: '"PREP.DBT_LK_elementary"'
2024-07-12 14:43:18 â€” INFO â€” Running internal dbt run to populate alerts
2024-07-12 14:43:18 â€” INFO â€” Running dbt run -m elementary_cli.alerts.alerts_v2 --project-dir /Users/lkohorst/Documents/DBT/.venv/lib/python3.10/site-packages/elementary/monitor/dbt_project --vars {"days_back": 1}
2024-07-12 14:43:27 â€” INFO â€” Running dbt --log-format json run-operation elementary.log_macro_results --args {"macro_name": "elementary_cli.get_pending_alerts", "macro_args": {"days_back": 1, "type": null}} --project-dir /Users/lkohorst/Documents/DBT/.venv/lib/python3.10/site-packages/elementary/monitor/dbt_project
2024-07-12 14:43:32 â€” DEBUG â€” Result bytes size for command '['dbt', '--log-format', 'json', 'run-operation', 'elementary.log_macro_results', '--args', '{"macro_name": "elementary_cli.get_pending_alerts", "macro_args": {"days_back": 1, "type": null}}', '--project-dir', '/Users/lkohorst/Documents/DBT/.venv/lib/python3.10/site-packages/elementary/monitor/dbt_project']' is 22081
2024-07-12 14:43:32 â€” INFO â€” Running dbt --log-format json run-operation elementary.log_macro_results --args {"macro_name": "elementary_cli.get_last_alert_sent_times", "macro_args": {"days_back": 1, "type": null}} --project-dir /Users/lkohorst/Documents/DBT/.venv/lib/python3.10/site-packages/elementary/monitor/dbt_project
2024-07-12 14:43:35 â€” DEBUG â€” Result bytes size for command '['dbt', '--log-format', 'json', 'run-operation', 'elementary.log_macro_results', '--args', '{"macro_name": "elementary_cli.get_last_alert_sent_times", "macro_args": {"days_back": 1, "type": null}}', '--project-dir', '/Users/lkohorst/Documents/DBT/.venv/lib/python3.10/site-packages/elementary/monitor/dbt_project']' is 5081
2024-07-12 14:43:35 â€” INFO â€” Update skipped alerts
2024-07-12 14:43:35 â€” DEBUG â€” Running dbt run -s elementary_cli.update_alerts.update_skipped_alerts --project-dir /Users/lkohorst/Documents/DBT/.venv/lib/python3.10/site-packages/elementary/monitor/dbt_project --vars {"alert_ids": ["abe1e0ee-dce1-4327-a15e-158c62230a7f.test.adventure_works.source_not_adventure_works_salesperson_businessentityid.32db92bce5"]}
2024-07-12 14:43:45 â€” INFO â€” Update sent alerts
2024-07-12 14:43:45 â€” DEBUG â€” Running dbt run -s elementary_cli.update_alerts.update_sent_alerts --project-dir /Users/lkohorst/Documents/DBT/.venv/lib/python3.10/site-packages/elementary/monitor/dbt_project --vars {"alert_ids": ["abe1e0ee-dce1-4327-a15e-158c62230a7f.test.adventure_works.source_unique_adventure_works_salesorderheadersalesreason_salesorderid.690dcac262", "abe1e0ee-dce1-4327-a15e-158c62230a7f.test.adventure_works.elementary_volume_anamolies_dim_scd_customer_.229c955945", "1589819e-dd70-4959-b2ca-f929aaab59fd.test.adventure_works.source_not_adventure_works_salesperson_businessentityid.32db92bce5"], "sent_at": "2024-07-12 12:43:45"}
2024-07-15 08:34:00 â€” INFO â€” Running with edr=0.15.1
2024-07-15 08:34:00 â€” DEBUG â€” Running dbt --log-format json run-operation elementary.log_macro_results --args {"macro_name": "elementary_cli.get_latest_invocation", "macro_args": {}} --project-dir /Users/lkohorst/Documents/DBT/.venv/lib/python3.10/site-packages/elementary/monitor/dbt_project
2024-07-15 08:34:04 â€” DEBUG â€” Result bytes size for command '['dbt', '--log-format', 'json', 'run-operation', 'elementary.log_macro_results', '--args', '{"macro_name": "elementary_cli.get_latest_invocation", "macro_args": {}}', '--project-dir', '/Users/lkohorst/Documents/DBT/.venv/lib/python3.10/site-packages/elementary/monitor/dbt_project']' is 3945
2024-07-15 08:34:04 â€” DEBUG â€” Running dbt --log-format json run-operation elementary.log_macro_results --args {"macro_name": "elementary_cli.get_adapter_type_and_unique_id", "macro_args": {}} --project-dir /Users/lkohorst/Documents/DBT/.venv/lib/python3.10/site-packages/elementary/monitor/dbt_project
2024-07-15 08:34:06 â€” DEBUG â€” Result bytes size for command '['dbt', '--log-format', 'json', 'run-operation', 'elementary.log_macro_results', '--args', '{"macro_name": "elementary_cli.get_adapter_type_and_unique_id", "macro_args": {}}', '--project-dir', '/Users/lkohorst/Documents/DBT/.venv/lib/python3.10/site-packages/elementary/monitor/dbt_project']' is 1799
2024-07-15 08:34:06 â€” INFO â€” edr (0.15.1) and Elementary's dbt package (0.15.2) are compatible.
2024-07-15 08:34:06 â€” DEBUG â€” Running dbt --log-format json run-operation elementary.log_macro_results --args {"macro_name": "elementary_cli.get_elementary_database_and_schema", "macro_args": {}} --project-dir /Users/lkohorst/Documents/DBT/.venv/lib/python3.10/site-packages/elementary/monitor/dbt_project
2024-07-15 08:34:09 â€” DEBUG â€” Result bytes size for command '['dbt', '--log-format', 'json', 'run-operation', 'elementary.log_macro_results', '--args', '{"macro_name": "elementary_cli.get_elementary_database_and_schema", "macro_args": {}}', '--project-dir', '/Users/lkohorst/Documents/DBT/.venv/lib/python3.10/site-packages/elementary/monitor/dbt_project']' is 1769
2024-07-15 08:34:09 â€” INFO â€” Elementary's database and schema: '"PREP.DBT_LK_elementary"'
2024-07-15 08:34:09 â€” INFO â€” Running dbt --log-format json run-operation elementary.log_macro_results --args {"macro_name": "elementary_cli.get_test_results", "macro_args": {"days_back": 7, "invocations_per_test": 720, "disable_passed_test_metrics": false}} --project-dir /Users/lkohorst/Documents/DBT/.venv/lib/python3.10/site-packages/elementary/monitor/dbt_project
2024-07-15 08:34:13 â€” DEBUG â€” Result bytes size for command '['dbt', '--log-format', 'json', 'run-operation', 'elementary.log_macro_results', '--args', '{"macro_name": "elementary_cli.get_test_results", "macro_args": {"days_back": 7, "invocations_per_test": 720, "disable_passed_test_metrics": false}}', '--project-dir', '/Users/lkohorst/Documents/DBT/.venv/lib/python3.10/site-packages/elementary/monitor/dbt_project']' is 2216645
2024-07-15 08:34:13 â€” INFO â€” Running dbt --log-format json run-operation elementary.log_macro_results --args {"macro_name": "elementary_cli.get_source_freshness_results", "macro_args": {"days_back": 7, "invocations_per_test": 720}} --project-dir /Users/lkohorst/Documents/DBT/.venv/lib/python3.10/site-packages/elementary/monitor/dbt_project
2024-07-15 08:34:16 â€” DEBUG â€” Result bytes size for command '['dbt', '--log-format', 'json', 'run-operation', 'elementary.log_macro_results', '--args', '{"macro_name": "elementary_cli.get_source_freshness_results", "macro_args": {"days_back": 7, "invocations_per_test": 720}}', '--project-dir', '/Users/lkohorst/Documents/DBT/.venv/lib/python3.10/site-packages/elementary/monitor/dbt_project']' is 1721
2024-07-15 08:34:16 â€” INFO â€” Running dbt --log-format json run-operation elementary.log_macro_results --args {"macro_name": "elementary_cli.get_models", "macro_args": {"exclude_elementary": true}} --project-dir /Users/lkohorst/Documents/DBT/.venv/lib/python3.10/site-packages/elementary/monitor/dbt_project
2024-07-15 08:34:19 â€” DEBUG â€” Result bytes size for command '['dbt', '--log-format', 'json', 'run-operation', 'elementary.log_macro_results', '--args', '{"macro_name": "elementary_cli.get_models", "macro_args": {"exclude_elementary": true}}', '--project-dir', '/Users/lkohorst/Documents/DBT/.venv/lib/python3.10/site-packages/elementary/monitor/dbt_project']' is 24999
2024-07-15 08:34:19 â€” INFO â€” Running dbt --log-format json run-operation elementary.log_macro_results --args {"macro_name": "elementary_cli.get_sources", "macro_args": {}} --project-dir /Users/lkohorst/Documents/DBT/.venv/lib/python3.10/site-packages/elementary/monitor/dbt_project
2024-07-15 08:34:23 â€” DEBUG â€” Result bytes size for command '['dbt', '--log-format', 'json', 'run-operation', 'elementary.log_macro_results', '--args', '{"macro_name": "elementary_cli.get_sources", "macro_args": {}}', '--project-dir', '/Users/lkohorst/Documents/DBT/.venv/lib/python3.10/site-packages/elementary/monitor/dbt_project']' is 14769
2024-07-15 08:34:23 â€” INFO â€” Running dbt --log-format json run-operation elementary.log_macro_results --args {"macro_name": "elementary_cli.get_exposures", "macro_args": {}} --project-dir /Users/lkohorst/Documents/DBT/.venv/lib/python3.10/site-packages/elementary/monitor/dbt_project
2024-07-15 08:34:26 â€” DEBUG â€” Result bytes size for command '['dbt', '--log-format', 'json', 'run-operation', 'elementary.log_macro_results', '--args', '{"macro_name": "elementary_cli.get_exposures", "macro_args": {}}', '--project-dir', '/Users/lkohorst/Documents/DBT/.venv/lib/python3.10/site-packages/elementary/monitor/dbt_project']' is 1721
2024-07-15 08:34:26 â€” INFO â€” Running dbt --log-format json run-operation elementary.log_macro_results --args {"macro_name": "elementary_cli.get_singular_tests", "macro_args": {}} --project-dir /Users/lkohorst/Documents/DBT/.venv/lib/python3.10/site-packages/elementary/monitor/dbt_project
2024-07-15 08:34:29 â€” DEBUG â€” Result bytes size for command '['dbt', '--log-format', 'json', 'run-operation', 'elementary.log_macro_results', '--args', '{"macro_name": "elementary_cli.get_singular_tests", "macro_args": {}}', '--project-dir', '/Users/lkohorst/Documents/DBT/.venv/lib/python3.10/site-packages/elementary/monitor/dbt_project']' is 1721
2024-07-15 08:34:29 â€” INFO â€” Running dbt --log-format json run-operation elementary.log_macro_results --args {"macro_name": "elementary_cli.get_models_runs", "macro_args": {"days_back": 7, "exclude_elementary": true}} --project-dir /Users/lkohorst/Documents/DBT/.venv/lib/python3.10/site-packages/elementary/monitor/dbt_project
2024-07-15 08:34:32 â€” DEBUG â€” Result bytes size for command '['dbt', '--log-format', 'json', 'run-operation', 'elementary.log_macro_results', '--args', '{"macro_name": "elementary_cli.get_models_runs", "macro_args": {"days_back": 7, "exclude_elementary": true}}', '--project-dir', '/Users/lkohorst/Documents/DBT/.venv/lib/python3.10/site-packages/elementary/monitor/dbt_project']' is 94617
2024-07-15 08:34:32 â€” INFO â€” Running dbt --log-format json run-operation elementary.log_macro_results --args {"macro_name": "elementary_cli.get_dbt_models_test_coverage", "macro_args": {}} --project-dir /Users/lkohorst/Documents/DBT/.venv/lib/python3.10/site-packages/elementary/monitor/dbt_project
2024-07-15 08:34:35 â€” DEBUG â€” Result bytes size for command '['dbt', '--log-format', 'json', 'run-operation', 'elementary.log_macro_results', '--args', '{"macro_name": "elementary_cli.get_dbt_models_test_coverage", "macro_args": {}}', '--project-dir', '/Users/lkohorst/Documents/DBT/.venv/lib/python3.10/site-packages/elementary/monitor/dbt_project']' is 7521
2024-07-15 08:34:35 â€” INFO â€” Running dbt --log-format json run-operation elementary.log_macro_results --args {"macro_name": "elementary_cli.get_nodes_depends_on_nodes", "macro_args": {"exclude_elementary": true}} --project-dir /Users/lkohorst/Documents/DBT/.venv/lib/python3.10/site-packages/elementary/monitor/dbt_project
2024-07-15 08:34:38 â€” DEBUG â€” Result bytes size for command '['dbt', '--log-format', 'json', 'run-operation', 'elementary.log_macro_results', '--args', '{"macro_name": "elementary_cli.get_nodes_depends_on_nodes", "macro_args": {"exclude_elementary": true}}', '--project-dir', '/Users/lkohorst/Documents/DBT/.venv/lib/python3.10/site-packages/elementary/monitor/dbt_project']' is 17717
2024-07-15 08:34:38 â€” INFO â€” Running dbt --log-format json run-operation elementary.log_macro_results --args {"macro_name": "elementary_cli.get_models_latest_invocation", "macro_args": {}} --project-dir /Users/lkohorst/Documents/DBT/.venv/lib/python3.10/site-packages/elementary/monitor/dbt_project
2024-07-15 08:34:41 â€” DEBUG â€” Result bytes size for command '['dbt', '--log-format', 'json', 'run-operation', 'elementary.log_macro_results', '--args', '{"macro_name": "elementary_cli.get_models_latest_invocation", "macro_args": {}}', '--project-dir', '/Users/lkohorst/Documents/DBT/.venv/lib/python3.10/site-packages/elementary/monitor/dbt_project']' is 14813
2024-07-15 08:34:41 â€” INFO â€” Running dbt --log-format json run-operation elementary.log_macro_results --args {"macro_name": "elementary_cli.get_models_latest_invocations_data", "macro_args": {}} --project-dir /Users/lkohorst/Documents/DBT/.venv/lib/python3.10/site-packages/elementary/monitor/dbt_project
2024-07-15 08:34:44 â€” DEBUG â€” Result bytes size for command '['dbt', '--log-format', 'json', 'run-operation', 'elementary.log_macro_results', '--args', '{"macro_name": "elementary_cli.get_models_latest_invocations_data", "macro_args": {}}', '--project-dir', '/Users/lkohorst/Documents/DBT/.venv/lib/python3.10/site-packages/elementary/monitor/dbt_project']' is 2143
